2020-10-31 23:23:27 INFO  CsvOutputMappingBuilder:29 - Reading input file - Input.txt
2020-10-31 23:23:27 INFO  CsvOutputMappingBuilder:40 - Input.txt processed.
2020-10-31 23:23:27 INFO  CSVOutputResultGenerator:27 - Generating... output.csv
2020-10-31 23:23:28 INFO  CSVOutputResultGenerator:33 - output.csv generated !!! 
2020-10-31 23:36:27 INFO  CsvOutputMappingBuilder:29 - Reading input file - Input.txt
2020-10-31 23:36:27 INFO  CsvOutputMappingBuilder:40 - Input.txt processed.
2020-10-31 23:36:27 INFO  CSVOutputResultGenerator:27 - Generating... output.csv
2020-10-31 23:36:27 INFO  CSVOutputResultGenerator:33 - output.csv generated !!! 
2020-10-31 23:40:35 INFO  CsvOutputMappingBuilder:29 - Reading input file - Input.txt
2020-10-31 23:40:35 INFO  CsvOutputMappingBuilder:40 - Input.txt processed.
2020-10-31 23:40:35 INFO  CSVOutputResultGenerator:27 - Generating... output.csv
2020-10-31 23:40:35 INFO  CSVOutputResultGenerator:33 - output.csv generated !!! 
2020-10-31 23:42:34 INFO  CsvOutputMappingBuilder:29 - Reading input file - Input.txt
2020-10-31 23:42:34 INFO  CsvOutputMappingBuilder:40 - Input.txt processed.
2020-10-31 23:42:34 INFO  CSVOutputResultGenerator:27 - Generating... output.csv
2020-10-31 23:42:40 INFO  CsvOutputMappingBuilder:29 - Reading input file - Input.txt
2020-10-31 23:42:40 INFO  CsvOutputMappingBuilder:40 - Input.txt processed.
2020-10-31 23:42:40 INFO  CSVOutputResultGenerator:27 - Generating... output.csv
2020-10-31 23:42:41 INFO  CSVOutputResultGenerator:33 - output.csv generated !!! 
2020-10-31 23:43:29 INFO  CsvOutputMappingBuilder:29 - Reading input file - Input.txt
2020-10-31 23:43:29 INFO  CsvOutputMappingBuilder:40 - Input.txt processed.
2020-10-31 23:43:29 INFO  CSVOutputResultGenerator:27 - Generating... output.csv
2020-10-31 23:43:29 INFO  CSVOutputResultGenerator:33 - output.csv generated !!! 
2020-10-31 23:47:18 INFO  CsvOutputMappingBuilder:29 - Reading input file - Input.txt
2020-10-31 23:47:18 INFO  CsvOutputMappingBuilder:40 - Input.txt processed.
2020-10-31 23:47:18 INFO  CSVOutputResultGenerator:27 - Generating... output.csv
2020-10-31 23:47:19 INFO  CSVOutputResultGenerator:33 - output.csv generated !!! 
2020-10-31 23:48:27 INFO  CsvOutputMappingBuilder:29 - Reading input file - Input.txt
2020-10-31 23:48:27 INFO  CsvOutputMappingBuilder:40 - Input.txt processed.
2020-10-31 23:48:27 INFO  CSVOutputResultGenerator:27 - Generating... output.csv
2020-10-31 23:48:27 INFO  CSVOutputResultGenerator:33 - output.csv generated !!! 
2020-11-01 01:30:37 INFO  CsvOutputMappingBuilder:56 - File processed.
2020-11-01 01:30:37 INFO  CSVOutputResultGenerator:27 - Generating... output.csv
2020-11-01 01:30:38 INFO  CSVOutputResultGenerator:33 - output.csv generated !!! 
2020-11-01 01:32:45 INFO  CsvOutputMappingBuilder:56 - File processed.
2020-11-01 01:32:45 INFO  CSVOutputResultGenerator:27 - Generating... output.csv
2020-11-01 01:32:46 INFO  CSVOutputResultGenerator:33 - output.csv generated !!! 
2020-11-01 01:34:44 INFO  CsvOutputMappingBuilder:38 - File processed.
2020-11-01 01:34:44 INFO  CSVOutputResultGenerator:27 - Generating... output.csv
2020-11-01 01:34:54 INFO  CSVOutputResultGenerator:33 - output.csv generated !!! 
2020-11-01 01:35:17 INFO  CsvOutputMappingBuilder:38 - File processed.
2020-11-01 01:35:17 INFO  CSVOutputResultGenerator:27 - Generating... output.csv
2020-11-01 01:35:23 INFO  CSVOutputResultGenerator:33 - output.csv generated !!! 
2020-11-01 01:37:10 INFO  CsvOutputMappingBuilder:38 - File processed.
2020-11-01 01:37:10 INFO  CSVOutputResultGenerator:27 - Generating... output.csv
2020-11-01 01:57:38 INFO  CsvOutputMappingBuilder:38 - File processed.
2020-11-01 01:57:38 INFO  CSVOutputResultGenerator:27 - Generating... output.csv
2020-11-01 01:57:39 INFO  CSVOutputResultGenerator:33 - output.csv generated !!! 
2020-11-01 02:03:03 INFO  AbnMain:19 - Starting main method
2020-11-01 02:03:03 INFO  CsvOutputMappingBuilder:28 -  Started reading Input.txt
2020-11-01 02:03:03 INFO  CsvOutputMappingBuilder:39 - Input.txt read.
2020-11-01 02:03:03 INFO  CSVOutputResultGenerator:27 - Generating... output.csv
2020-11-01 02:03:03 INFO  CSVOutputResultGenerator:33 - output.csv generated !!! 
